<?xml version="1.0" encoding="UTF-8"?>
<!-- Generated by org.testng.reporters.JUnitReportReporter -->
<testsuite hostname="GJain-8440p" name="com.jukin.test.JukinMediaLoginTest" tests="1" failures="0" timestamp="24 Jan 2016 22:17:30 GMT" time="0.668" errors="0">
  <testcase name="loginTest" time="0.668" classname="com.jukin.test.JukinMediaLoginTest"/>
</testsuite> <!-- com.jukin.test.JukinMediaLoginTest -->
